
**** Build of configuration Debug for project inc ****

"D:\\Apps\\TexasInstruments\\CCS7\\ccsv7\\utils\\bin\\gmake" -k -j 4 all -O 
 
'Building target: "inc.out"'
'Invoking: MSP432 Linker'
"D:/Apps/TexasInstruments/CCS7/ccsv7/tools/compiler/ti-cgt-arm_16.9.6.LTS/bin/armcl" -mv7M4 --code_state=16 --float_support=FPv4SPD16 -me --advice:power=all --define=__MSP432P401R__ --define=ccs -g --c99 --gcc --diag_warning=225 --diag_wrap=off --display_error_number --abi=eabi -z -m"inc.map" --heap_size=1024 --stack_size=512 -i"D:/Apps/TexasInstruments/CCS7/ccsv7/ccs_base/arm/include" -i"D:/Apps/TexasInstruments/CCS7/ccsv7/tools/compiler/ti-cgt-arm_16.9.6.LTS/lib" -i"D:/Apps/TexasInstruments/CCS7/ccsv7/tools/compiler/ti-cgt-arm_16.9.6.LTS/include" --reread_libs --diag_wrap=off --display_error_number --warn_sections --xml_link_info="inc_linkInfo.xml" --rom_model -o "inc.out" "./ADC14.obj" "./AP.obj" "./Bump.obj" "./Clock.obj" "./CortexM.obj" "./EUSCIA0.obj" "./FIFO0.obj" "./FlashProgram.obj" "./GPIO.obj" "./IRDistance.obj" "./LPF.obj" "./LaunchPad.obj" "./Motor.obj" "./MotorSimple.obj" "./Nokia5110.obj" "./PWM.obj" "./Reflectance.obj" "./SysTick.obj" "./TA0InputCapture.obj" "./TA2InputCapture.obj" "./TA3InputCapture.obj" "./TExaS.obj" "./Tachometer.obj" "./Timer32.obj" "./TimerA0.obj" "./TimerA1.obj" "./TimerA2.obj" "./UART0.obj" "./UART1.obj" "./Ultrasound.obj" "./incmain.obj" "./startup_msp432p401r_ccs.obj" "./system_msp432p401r.obj" "../msp432p401r.cmd"  -llibc.a 
<Linking>
error #10056: symbol "CaptureTask2" redefined: first defined in "./TA2InputCapture.obj"; redefined in "./TA3InputCapture.obj"
error #10056: symbol "T32_INT1_IRQHandler" redefined: first defined in "./TExaS.obj"; redefined in "./Timer32.obj"
error #10056: symbol "TA0_0_IRQHandler" redefined: first defined in "./TA0InputCapture.obj"; redefined in "./TimerA0.obj"
remark #10371-D: (ULP 1.1) Detected no uses of low power mode state changing instructions
error #10010: errors encountered during linking; "inc.out" not built
remark #10372-D: (ULP 4.1) Detected uninitialized Port 1 in this project. Recommend initializing all unused ports to eliminate wasted current consumption on unused pins.
remark #10372-D: (ULP 4.1) Detected uninitialized Port 2 in this project. Recommend initializing all unused ports to eliminate wasted current consumption on unused pins.
remark #10372-D: (ULP 4.1) Detected uninitialized Port 3 in this project. Recommend initializing all unused ports to eliminate wasted current consumption on unused pins.
remark #10372-D: (ULP 4.1) Detected uninitialized Port 4 in this project. Recommend initializing all unused ports to eliminate wasted current consumption on unused pins.
remark #10372-D: (ULP 4.1) Detected uninitialized Port 5 in this project. Recommend initializing all unused ports to eliminate wasted current consumption on unused pins.
remark #10372-D: (ULP 4.1) Detected uninitialized Port 6 in this project. Recommend initializing all unused ports to eliminate wasted current consumption on unused pins.
remark #10372-D: (ULP 4.1) Detected uninitialized Port 7 in this project. Recommend initializing all unused ports to eliminate wasted current consumption on unused pins.
remark #10372-D: (ULP 4.1) Detected uninitialized Port 8 in this project. Recommend initializing all unused ports to eliminate wasted current consumption on unused pins.
remark #10372-D: (ULP 4.1) Detected uninitialized Port 9 in this project. Recommend initializing all unused ports to eliminate wasted current consumption on unused pins.
remark #10372-D: (ULP 4.1) Detected uninitialized Port 10 in this project. Recommend initializing all unused ports to eliminate wasted current consumption on unused pins.

>> Compilation failure
makefile:173: recipe for target 'inc.out' failed
makefile:169: recipe for target 'all' failed
gmake[1]: *** [inc.out] Error 1
gmake: *** [all] Error 2

**** Build Finished ****
