
**** Build of configuration Debug for project Lab17_Control ****

"D:\\Apps\\TexasInstruments\\CCS7\\ccsv7\\utils\\bin\\gmake" -k -j 4 all -O 
 
'Building file: "../Lab17_Control.c"'
'Invoking: MSP432 Compiler'
"D:/Apps/TexasInstruments/CCS7/ccsv7/tools/compiler/ti-cgt-arm_16.9.6.LTS/bin/armcl" -mv7M4 --code_state=16 --float_support=FPv4SPD16 -me --include_path="D:/Apps/TexasInstruments/CCS7/ccsv7/ccs_base/arm/include" --include_path="D:/Apps/TexasInstruments/CCS7/ccsv7/ccs_base/arm/include/CMSIS" --include_path="C:/Users/SEDAT/Desktop/New folder/tirslk_maze_1_00_00/Lab17_Control" --include_path="D:/Apps/TexasInstruments/CCS7/ccsv7/tools/compiler/ti-cgt-arm_16.9.6.LTS/include" --advice:power=all --define=__MSP432P401R__ --define=ccs -g --gcc --diag_warning=225 --diag_wrap=off --display_error_number --abi=eabi --preproc_with_compile --preproc_dependency="Lab17_Control.d_raw"  "../Lab17_Control.c"
"../Lab17_Control.c", line 146: warning #169-D: argument of type "void (*)(int, int, int, int)" is incompatible with parameter of type "void (*)(void)"
"../Lab17_Control.c", line 150: remark #1527-D: (ULP 2.1) Detected SW delay loop using empty loop. Recommend using a timer module instead
'Finished building: "../Lab17_Control.c"'
 
'Building target: "Lab17_Control.out"'
'Invoking: MSP432 Linker'
"D:/Apps/TexasInstruments/CCS7/ccsv7/tools/compiler/ti-cgt-arm_16.9.6.LTS/bin/armcl" -mv7M4 --code_state=16 --float_support=FPv4SPD16 -me --advice:power=all --define=__MSP432P401R__ --define=ccs -g --gcc --diag_warning=225 --diag_wrap=off --display_error_number --abi=eabi -z -m"Lab17_Control.map" --heap_size=1024 --stack_size=512 -i"D:/Apps/TexasInstruments/CCS7/ccsv7/ccs_base/arm/include" -i"D:/Apps/TexasInstruments/CCS7/ccsv7/tools/compiler/ti-cgt-arm_16.9.6.LTS/lib" -i"D:/Apps/TexasInstruments/CCS7/ccsv7/tools/compiler/ti-cgt-arm_16.9.6.LTS/include" --reread_libs --diag_wrap=off --display_error_number --warn_sections --xml_link_info="Lab17_Control_linkInfo.xml" --rom_model -o "Lab17_Control.out" "./ADC14.obj" "./Bump.obj" "./Clock.obj" "./CortexM.obj" "./IRDistance.obj" "./LPF.obj" "./Lab17_Control.obj" "./LaunchPad.obj" "./Motor.obj" "./Nokia5110.obj" "./PWM.obj" "./SysTickInts.obj" "./TA3InputCapture.obj" "./TExaS.obj" "./Tachometer.obj" "./TimerA1.obj" "./UART0.obj" "./startup_msp432p401r_ccs.obj" "./system_msp432p401r.obj" "../msp432p401r.cmd"  -llibc.a 
<Linking>
remark #10371-D: (ULP 1.1) Detected no uses of low power mode state changing instructions
remark #10372-D: (ULP 4.1) Detected uninitialized Port 1 in this project. Recommend initializing all unused ports to eliminate wasted current consumption on unused pins.
remark #10372-D: (ULP 4.1) Detected uninitialized Port 2 in this project. Recommend initializing all unused ports to eliminate wasted current consumption on unused pins.
remark #10372-D: (ULP 4.1) Detected uninitialized Port 3 in this project. Recommend initializing all unused ports to eliminate wasted current consumption on unused pins.
remark #10372-D: (ULP 4.1) Detected uninitialized Port 4 in this project. Recommend initializing all unused ports to eliminate wasted current consumption on unused pins.
remark #10372-D: (ULP 4.1) Detected uninitialized Port 5 in this project. Recommend initializing all unused ports to eliminate wasted current consumption on unused pins.
remark #10372-D: (ULP 4.1) Detected uninitialized Port 6 in this project. Recommend initializing all unused ports to eliminate wasted current consumption on unused pins.
remark #10372-D: (ULP 4.1) Detected uninitialized Port 7 in this project. Recommend initializing all unused ports to eliminate wasted current consumption on unused pins.
remark #10372-D: (ULP 4.1) Detected uninitialized Port 8 in this project. Recommend initializing all unused ports to eliminate wasted current consumption on unused pins.
remark #10372-D: (ULP 4.1) Detected uninitialized Port 9 in this project. Recommend initializing all unused ports to eliminate wasted current consumption on unused pins.
remark #10372-D: (ULP 4.1) Detected uninitialized Port 10 in this project. Recommend initializing all unused ports to eliminate wasted current consumption on unused pins.
'Finished building target: "Lab17_Control.out"'
 

**** Build Finished ****
