
**** Build of configuration Debug for project Lab19_BLE ****

"D:\\Apps\\TexasInstruments\\CCS7\\ccsv7\\utils\\bin\\gmake" -k -j 4 all -O 
 
'Building file: "C:/Users/SEDAT/Desktop/New folder/tirslk_maze_1_00_00/inc/ADC14.c"'
'Invoking: MSP432 Compiler'
"D:/Apps/TexasInstruments/CCS7/ccsv7/tools/compiler/ti-cgt-arm_16.9.6.LTS/bin/armcl" -mv7M4 --code_state=16 --float_support=FPv4SPD16 -me --include_path="D:/Apps/TexasInstruments/CCS7/ccsv7/ccs_base/arm/include" --include_path="D:/Apps/TexasInstruments/CCS7/ccsv7/ccs_base/arm/include/CMSIS" --include_path="D:/Apps/TexasInstruments/CCS7/ccsv7/tools/compiler/ti-cgt-arm_16.9.6.LTS/include" --advice:power=all --define=__MSP432P401R__ --define=TARGET_IS_MSP432P4XX --define=ccs -g --c99 --gcc --diag_warning=225 --diag_wrap=off --display_error_number --abi=eabi --preproc_with_compile --preproc_dependency="ADC14.d_raw"  "C:/Users/SEDAT/Desktop/New folder/tirslk_maze_1_00_00/inc/ADC14.c"
"C:/Users/SEDAT/Desktop/New folder/tirslk_maze_1_00_00/inc/ADC14.c", line 53: remark #1527-D: (ULP 2.1) Detected SW delay loop using empty loop. Recommend using a timer module instead
"C:/Users/SEDAT/Desktop/New folder/tirslk_maze_1_00_00/inc/ADC14.c", line 100: remark #1527-D: (ULP 2.1) Detected SW delay loop using empty loop. Recommend using a timer module instead
"C:/Users/SEDAT/Desktop/New folder/tirslk_maze_1_00_00/inc/ADC14.c", line 102: remark #1527-D: (ULP 2.1) Detected SW delay loop using empty loop. Recommend using a timer module instead
"C:/Users/SEDAT/Desktop/New folder/tirslk_maze_1_00_00/inc/ADC14.c", line 111: remark #1527-D: (ULP 2.1) Detected SW delay loop using empty loop. Recommend using a timer module instead
"C:/Users/SEDAT/Desktop/New folder/tirslk_maze_1_00_00/inc/ADC14.c", line 169: remark #1527-D: (ULP 2.1) Detected SW delay loop using empty loop. Recommend using a timer module instead
"C:/Users/SEDAT/Desktop/New folder/tirslk_maze_1_00_00/inc/ADC14.c", line 172: remark #1527-D: (ULP 2.1) Detected SW delay loop using empty loop. Recommend using a timer module instead
'Finished building: "C:/Users/SEDAT/Desktop/New folder/tirslk_maze_1_00_00/inc/ADC14.c"'
 
'Building file: "C:/Users/SEDAT/Desktop/New folder/tirslk_maze_1_00_00/inc/Clock.c"'
'Invoking: MSP432 Compiler'
"D:/Apps/TexasInstruments/CCS7/ccsv7/tools/compiler/ti-cgt-arm_16.9.6.LTS/bin/armcl" -mv7M4 --code_state=16 --float_support=FPv4SPD16 -me --include_path="D:/Apps/TexasInstruments/CCS7/ccsv7/ccs_base/arm/include" --include_path="D:/Apps/TexasInstruments/CCS7/ccsv7/ccs_base/arm/include/CMSIS" --include_path="D:/Apps/TexasInstruments/CCS7/ccsv7/tools/compiler/ti-cgt-arm_16.9.6.LTS/include" --advice:power=all --define=__MSP432P401R__ --define=TARGET_IS_MSP432P4XX --define=ccs -g --c99 --gcc --diag_warning=225 --diag_wrap=off --display_error_number --abi=eabi --preproc_with_compile --preproc_dependency="Clock.d_raw"  "C:/Users/SEDAT/Desktop/New folder/tirslk_maze_1_00_00/inc/Clock.c"
'Finished building: "C:/Users/SEDAT/Desktop/New folder/tirslk_maze_1_00_00/inc/Clock.c"'
 
'Building file: "C:/Users/SEDAT/Desktop/New folder/tirslk_maze_1_00_00/inc/Bump.c"'
'Invoking: MSP432 Compiler'
"D:/Apps/TexasInstruments/CCS7/ccsv7/tools/compiler/ti-cgt-arm_16.9.6.LTS/bin/armcl" -mv7M4 --code_state=16 --float_support=FPv4SPD16 -me --include_path="D:/Apps/TexasInstruments/CCS7/ccsv7/ccs_base/arm/include" --include_path="D:/Apps/TexasInstruments/CCS7/ccsv7/ccs_base/arm/include/CMSIS" --include_path="D:/Apps/TexasInstruments/CCS7/ccsv7/tools/compiler/ti-cgt-arm_16.9.6.LTS/include" --advice:power=all --define=__MSP432P401R__ --define=TARGET_IS_MSP432P4XX --define=ccs -g --c99 --gcc --diag_warning=225 --diag_wrap=off --display_error_number --abi=eabi --preproc_with_compile --preproc_dependency="Bump.d_raw"  "C:/Users/SEDAT/Desktop/New folder/tirslk_maze_1_00_00/inc/Bump.c"
'Finished building: "C:/Users/SEDAT/Desktop/New folder/tirslk_maze_1_00_00/inc/Bump.c"'
 
'Building file: "C:/Users/SEDAT/Desktop/New folder/tirslk_maze_1_00_00/inc/CortexM.c"'
'Invoking: MSP432 Compiler'
"D:/Apps/TexasInstruments/CCS7/ccsv7/tools/compiler/ti-cgt-arm_16.9.6.LTS/bin/armcl" -mv7M4 --code_state=16 --float_support=FPv4SPD16 -me --include_path="D:/Apps/TexasInstruments/CCS7/ccsv7/ccs_base/arm/include" --include_path="D:/Apps/TexasInstruments/CCS7/ccsv7/ccs_base/arm/include/CMSIS" --include_path="D:/Apps/TexasInstruments/CCS7/ccsv7/tools/compiler/ti-cgt-arm_16.9.6.LTS/include" --advice:power=all --define=__MSP432P401R__ --define=TARGET_IS_MSP432P4XX --define=ccs -g --c99 --gcc --diag_warning=225 --diag_wrap=off --display_error_number --abi=eabi --preproc_with_compile --preproc_dependency="CortexM.d_raw"  "C:/Users/SEDAT/Desktop/New folder/tirslk_maze_1_00_00/inc/CortexM.c"
'Finished building: "C:/Users/SEDAT/Desktop/New folder/tirslk_maze_1_00_00/inc/CortexM.c"'
 
'Building file: "C:/Users/SEDAT/Desktop/New folder/tirslk_maze_1_00_00/inc/AP.c"'
'Invoking: MSP432 Compiler'
"D:/Apps/TexasInstruments/CCS7/ccsv7/tools/compiler/ti-cgt-arm_16.9.6.LTS/bin/armcl" -mv7M4 --code_state=16 --float_support=FPv4SPD16 -me --include_path="D:/Apps/TexasInstruments/CCS7/ccsv7/ccs_base/arm/include" --include_path="D:/Apps/TexasInstruments/CCS7/ccsv7/ccs_base/arm/include/CMSIS" --include_path="D:/Apps/TexasInstruments/CCS7/ccsv7/tools/compiler/ti-cgt-arm_16.9.6.LTS/include" --advice:power=all --define=__MSP432P401R__ --define=TARGET_IS_MSP432P4XX --define=ccs -g --c99 --gcc --diag_warning=225 --diag_wrap=off --display_error_number --abi=eabi --preproc_with_compile --preproc_dependency="AP.d_raw"  "C:/Users/SEDAT/Desktop/New folder/tirslk_maze_1_00_00/inc/AP.c"
"C:/Users/SEDAT/Desktop/New folder/tirslk_maze_1_00_00/inc/AP.c", line 381: remark #2623-D: (ULP 5.4) Detected an assignment to a type with size less than int. To avoid unnecessary sign extension, use int-sized types for local varaibles and convert to smaller types for static storage.
"C:/Users/SEDAT/Desktop/New folder/tirslk_maze_1_00_00/inc/AP.c", line 382: remark #2623-D: (ULP 5.4) Detected an assignment to a type with size less than int. To avoid unnecessary sign extension, use int-sized types for local varaibles and convert to smaller types for static storage.
"C:/Users/SEDAT/Desktop/New folder/tirslk_maze_1_00_00/inc/AP.c", line 383: remark #2623-D: (ULP 5.4) Detected an assignment to a type with size less than int. To avoid unnecessary sign extension, use int-sized types for local varaibles and convert to smaller types for static storage.
"C:/Users/SEDAT/Desktop/New folder/tirslk_maze_1_00_00/inc/AP.c", line 384: remark #2623-D: (ULP 5.4) Detected an assignment to a type with size less than int. To avoid unnecessary sign extension, use int-sized types for local varaibles and convert to smaller types for static storage.
"C:/Users/SEDAT/Desktop/New folder/tirslk_maze_1_00_00/inc/AP.c", line 386: remark #2623-D: (ULP 5.4) Detected an assignment to a type with size less than int. To avoid unnecessary sign extension, use int-sized types for local varaibles and convert to smaller types for static storage.
"C:/Users/SEDAT/Desktop/New folder/tirslk_maze_1_00_00/inc/AP.c", line 386: remark #2623-D: (ULP 5.4) Detected an assignment to a type with size less than int. To avoid unnecessary sign extension, use int-sized types for local varaibles and convert to smaller types for static storage.
"C:/Users/SEDAT/Desktop/New folder/tirslk_maze_1_00_00/inc/AP.c", line 444: remark #2623-D: (ULP 5.4) Detected an assignment to a type with size less than int. To avoid unnecessary sign extension, use int-sized types for local varaibles and convert to smaller types for static storage.
"C:/Users/SEDAT/Desktop/New folder/tirslk_maze_1_00_00/inc/AP.c", line 445: remark #2623-D: (ULP 5.4) Detected an assignment to a type with size less than int. To avoid unnecessary sign extension, use int-sized types for local varaibles and convert to smaller types for static storage.
"C:/Users/SEDAT/Desktop/New folder/tirslk_maze_1_00_00/inc/AP.c", line 447: remark #2623-D: (ULP 5.4) Detected an assignment to a type with size less than int. To avoid unnecessary sign extension, use int-sized types for local varaibles and convert to smaller types for static storage.
"C:/Users/SEDAT/Desktop/New folder/tirslk_maze_1_00_00/inc/AP.c", line 448: remark #2623-D: (ULP 5.4) Detected an assignment to a type with size less than int. To avoid unnecessary sign extension, use int-sized types for local varaibles and convert to smaller types for static storage.
"C:/Users/SEDAT/Desktop/New folder/tirslk_maze_1_00_00/inc/AP.c", line 454: remark #2623-D: (ULP 5.4) Detected an assignment to a type with size less than int. To avoid unnecessary sign extension, use int-sized types for local varaibles and convert to smaller types for static storage.
"C:/Users/SEDAT/Desktop/New folder/tirslk_maze_1_00_00/inc/AP.c", line 454: remark #2623-D: (ULP 5.4) Detected an assignment to a type with size less than int. To avoid unnecessary sign extension, use int-sized types for local varaibles and convert to smaller types for static storage.
"C:/Users/SEDAT/Desktop/New folder/tirslk_maze_1_00_00/inc/AP.c", line 612: remark #2623-D: (ULP 5.4) Detected an assignment to a type with size less than int. To avoid unnecessary sign extension, use int-sized types for local varaibles and convert to smaller types for static storage.
"C:/Users/SEDAT/Desktop/New folder/tirslk_maze_1_00_00/inc/AP.c", line 662: remark #2623-D: (ULP 5.4) Detected an assignment to a type with size less than int. To avoid unnecessary sign extension, use int-sized types for local varaibles and convert to smaller types for static storage.
"C:/Users/SEDAT/Desktop/New folder/tirslk_maze_1_00_00/inc/AP.c", line 783: remark #2623-D: (ULP 5.4) Detected an assignment to a type with size less than int. To avoid unnecessary sign extension, use int-sized types for local varaibles and convert to smaller types for static storage.
"C:/Users/SEDAT/Desktop/New folder/tirslk_maze_1_00_00/inc/AP.c", line 810: remark #2623-D: (ULP 5.4) Detected an assignment to a type with size less than int. To avoid unnecessary sign extension, use int-sized types for local varaibles and convert to smaller types for static storage.
"C:/Users/SEDAT/Desktop/New folder/tirslk_maze_1_00_00/inc/AP.c", line 831: remark #2623-D: (ULP 5.4) Detected an assignment to a type with size less than int. To avoid unnecessary sign extension, use int-sized types for local varaibles and convert to smaller types for static storage.
'Finished building: "C:/Users/SEDAT/Desktop/New folder/tirslk_maze_1_00_00/inc/AP.c"'
 
'Building file: "C:/Users/SEDAT/Desktop/New folder/tirslk_maze_1_00_00/inc/GPIO.c"'
'Invoking: MSP432 Compiler'
"D:/Apps/TexasInstruments/CCS7/ccsv7/tools/compiler/ti-cgt-arm_16.9.6.LTS/bin/armcl" -mv7M4 --code_state=16 --float_support=FPv4SPD16 -me --include_path="D:/Apps/TexasInstruments/CCS7/ccsv7/ccs_base/arm/include" --include_path="D:/Apps/TexasInstruments/CCS7/ccsv7/ccs_base/arm/include/CMSIS" --include_path="D:/Apps/TexasInstruments/CCS7/ccsv7/tools/compiler/ti-cgt-arm_16.9.6.LTS/include" --advice:power=all --define=__MSP432P401R__ --define=TARGET_IS_MSP432P4XX --define=ccs -g --c99 --gcc --diag_warning=225 --diag_wrap=off --display_error_number --abi=eabi --preproc_with_compile --preproc_dependency="GPIO.d_raw"  "C:/Users/SEDAT/Desktop/New folder/tirslk_maze_1_00_00/inc/GPIO.c"
'Finished building: "C:/Users/SEDAT/Desktop/New folder/tirslk_maze_1_00_00/inc/GPIO.c"'
 
'Building file: "C:/Users/SEDAT/Desktop/New folder/tirslk_maze_1_00_00/inc/IRDistance.c"'
'Invoking: MSP432 Compiler'
"D:/Apps/TexasInstruments/CCS7/ccsv7/tools/compiler/ti-cgt-arm_16.9.6.LTS/bin/armcl" -mv7M4 --code_state=16 --float_support=FPv4SPD16 -me --include_path="D:/Apps/TexasInstruments/CCS7/ccsv7/ccs_base/arm/include" --include_path="D:/Apps/TexasInstruments/CCS7/ccsv7/ccs_base/arm/include/CMSIS" --include_path="D:/Apps/TexasInstruments/CCS7/ccsv7/tools/compiler/ti-cgt-arm_16.9.6.LTS/include" --advice:power=all --define=__MSP432P401R__ --define=TARGET_IS_MSP432P4XX --define=ccs -g --c99 --gcc --diag_warning=225 --diag_wrap=off --display_error_number --abi=eabi --preproc_with_compile --preproc_dependency="IRDistance.d_raw"  "C:/Users/SEDAT/Desktop/New folder/tirslk_maze_1_00_00/inc/IRDistance.c"
'Finished building: "C:/Users/SEDAT/Desktop/New folder/tirslk_maze_1_00_00/inc/IRDistance.c"'
 
'Building file: "C:/Users/SEDAT/Desktop/New folder/tirslk_maze_1_00_00/inc/LPF.c"'
'Invoking: MSP432 Compiler'
"D:/Apps/TexasInstruments/CCS7/ccsv7/tools/compiler/ti-cgt-arm_16.9.6.LTS/bin/armcl" -mv7M4 --code_state=16 --float_support=FPv4SPD16 -me --include_path="D:/Apps/TexasInstruments/CCS7/ccsv7/ccs_base/arm/include" --include_path="D:/Apps/TexasInstruments/CCS7/ccsv7/ccs_base/arm/include/CMSIS" --include_path="D:/Apps/TexasInstruments/CCS7/ccsv7/tools/compiler/ti-cgt-arm_16.9.6.LTS/include" --advice:power=all --define=__MSP432P401R__ --define=TARGET_IS_MSP432P4XX --define=ccs -g --c99 --gcc --diag_warning=225 --diag_wrap=off --display_error_number --abi=eabi --preproc_with_compile --preproc_dependency="LPF.d_raw"  "C:/Users/SEDAT/Desktop/New folder/tirslk_maze_1_00_00/inc/LPF.c"
'Finished building: "C:/Users/SEDAT/Desktop/New folder/tirslk_maze_1_00_00/inc/LPF.c"'
 
'Building file: "C:/Users/SEDAT/Desktop/New folder/tirslk_maze_1_00_00/inc/LaunchPad.c"'
'Invoking: MSP432 Compiler'
"D:/Apps/TexasInstruments/CCS7/ccsv7/tools/compiler/ti-cgt-arm_16.9.6.LTS/bin/armcl" -mv7M4 --code_state=16 --float_support=FPv4SPD16 -me --include_path="D:/Apps/TexasInstruments/CCS7/ccsv7/ccs_base/arm/include" --include_path="D:/Apps/TexasInstruments/CCS7/ccsv7/ccs_base/arm/include/CMSIS" --include_path="D:/Apps/TexasInstruments/CCS7/ccsv7/tools/compiler/ti-cgt-arm_16.9.6.LTS/include" --advice:power=all --define=__MSP432P401R__ --define=TARGET_IS_MSP432P4XX --define=ccs -g --c99 --gcc --diag_warning=225 --diag_wrap=off --display_error_number --abi=eabi --preproc_with_compile --preproc_dependency="LaunchPad.d_raw"  "C:/Users/SEDAT/Desktop/New folder/tirslk_maze_1_00_00/inc/LaunchPad.c"
'Finished building: "C:/Users/SEDAT/Desktop/New folder/tirslk_maze_1_00_00/inc/LaunchPad.c"'
 
'Building file: "../Lab19_TestMain.c"'
'Invoking: MSP432 Compiler'
"D:/Apps/TexasInstruments/CCS7/ccsv7/tools/compiler/ti-cgt-arm_16.9.6.LTS/bin/armcl" -mv7M4 --code_state=16 --float_support=FPv4SPD16 -me --include_path="D:/Apps/TexasInstruments/CCS7/ccsv7/ccs_base/arm/include" --include_path="D:/Apps/TexasInstruments/CCS7/ccsv7/ccs_base/arm/include/CMSIS" --include_path="D:/Apps/TexasInstruments/CCS7/ccsv7/tools/compiler/ti-cgt-arm_16.9.6.LTS/include" --advice:power=all --define=__MSP432P401R__ --define=TARGET_IS_MSP432P4XX --define=ccs -g --c99 --gcc --diag_warning=225 --diag_wrap=off --display_error_number --abi=eabi --preproc_with_compile --preproc_dependency="Lab19_TestMain.d_raw"  "../Lab19_TestMain.c"
"../Lab19_TestMain.c", line 74: remark #1527-D: (ULP 2.1) Detected SW delay loop using empty loop. Recommend using a timer module instead
'Finished building: "../Lab19_TestMain.c"'
 
'Building file: "C:/Users/SEDAT/Desktop/New folder/tirslk_maze_1_00_00/inc/Motor.c"'
'Invoking: MSP432 Compiler'
"D:/Apps/TexasInstruments/CCS7/ccsv7/tools/compiler/ti-cgt-arm_16.9.6.LTS/bin/armcl" -mv7M4 --code_state=16 --float_support=FPv4SPD16 -me --include_path="D:/Apps/TexasInstruments/CCS7/ccsv7/ccs_base/arm/include" --include_path="D:/Apps/TexasInstruments/CCS7/ccsv7/ccs_base/arm/include/CMSIS" --include_path="D:/Apps/TexasInstruments/CCS7/ccsv7/tools/compiler/ti-cgt-arm_16.9.6.LTS/include" --advice:power=all --define=__MSP432P401R__ --define=TARGET_IS_MSP432P4XX --define=ccs -g --c99 --gcc --diag_warning=225 --diag_wrap=off --display_error_number --abi=eabi --preproc_with_compile --preproc_dependency="Motor.d_raw"  "C:/Users/SEDAT/Desktop/New folder/tirslk_maze_1_00_00/inc/Motor.c"
'Finished building: "C:/Users/SEDAT/Desktop/New folder/tirslk_maze_1_00_00/inc/Motor.c"'
 
'Building file: "C:/Users/SEDAT/Desktop/New folder/tirslk_maze_1_00_00/inc/Nokia5110.c"'
'Invoking: MSP432 Compiler'
"D:/Apps/TexasInstruments/CCS7/ccsv7/tools/compiler/ti-cgt-arm_16.9.6.LTS/bin/armcl" -mv7M4 --code_state=16 --float_support=FPv4SPD16 -me --include_path="D:/Apps/TexasInstruments/CCS7/ccsv7/ccs_base/arm/include" --include_path="D:/Apps/TexasInstruments/CCS7/ccsv7/ccs_base/arm/include/CMSIS" --include_path="D:/Apps/TexasInstruments/CCS7/ccsv7/tools/compiler/ti-cgt-arm_16.9.6.LTS/include" --advice:power=all --define=__MSP432P401R__ --define=TARGET_IS_MSP432P4XX --define=ccs -g --c99 --gcc --diag_warning=225 --diag_wrap=off --display_error_number --abi=eabi --preproc_with_compile --preproc_dependency="Nokia5110.d_raw"  "C:/Users/SEDAT/Desktop/New folder/tirslk_maze_1_00_00/inc/Nokia5110.c"
"C:/Users/SEDAT/Desktop/New folder/tirslk_maze_1_00_00/inc/Nokia5110.c", line 280: remark #1527-D: (ULP 2.1) Detected SW delay loop using empty loop. Recommend using a timer module instead
"C:/Users/SEDAT/Desktop/New folder/tirslk_maze_1_00_00/inc/Nokia5110.c", line 357: remark #2623-D: (ULP 5.4) Detected an assignment to a type with size less than int. To avoid unnecessary sign extension, use int-sized types for local varaibles and convert to smaller types for static storage.
"C:/Users/SEDAT/Desktop/New folder/tirslk_maze_1_00_00/inc/Nokia5110.c", line 362: remark #2623-D: (ULP 5.4) Detected an assignment to a type with size less than int. To avoid unnecessary sign extension, use int-sized types for local varaibles and convert to smaller types for static storage.
"C:/Users/SEDAT/Desktop/New folder/tirslk_maze_1_00_00/inc/Nokia5110.c", line 450: remark #2623-D: (ULP 5.4) Detected an assignment to a type with size less than int. To avoid unnecessary sign extension, use int-sized types for local varaibles and convert to smaller types for static storage.
"C:/Users/SEDAT/Desktop/New folder/tirslk_maze_1_00_00/inc/Nokia5110.c", line 451: remark #2623-D: (ULP 5.4) Detected an assignment to a type with size less than int. To avoid unnecessary sign extension, use int-sized types for local varaibles and convert to smaller types for static storage.
"C:/Users/SEDAT/Desktop/New folder/tirslk_maze_1_00_00/inc/Nokia5110.c", line 452: remark #2623-D: (ULP 5.4) Detected an assignment to a type with size less than int. To avoid unnecessary sign extension, use int-sized types for local varaibles and convert to smaller types for static storage.
"C:/Users/SEDAT/Desktop/New folder/tirslk_maze_1_00_00/inc/Nokia5110.c", line 453: remark #2623-D: (ULP 5.4) Detected an assignment to a type with size less than int. To avoid unnecessary sign extension, use int-sized types for local varaibles and convert to smaller types for static storage.
"C:/Users/SEDAT/Desktop/New folder/tirslk_maze_1_00_00/inc/Nokia5110.c", line 462: remark #2623-D: (ULP 5.4) Detected an assignment to a type with size less than int. To avoid unnecessary sign extension, use int-sized types for local varaibles and convert to smaller types for static storage.
"C:/Users/SEDAT/Desktop/New folder/tirslk_maze_1_00_00/inc/Nokia5110.c", line 469: remark #2623-D: (ULP 5.4) Detected an assignment to a type with size less than int. To avoid unnecessary sign extension, use int-sized types for local varaibles and convert to smaller types for static storage.
"C:/Users/SEDAT/Desktop/New folder/tirslk_maze_1_00_00/inc/Nokia5110.c", line 473: remark #2623-D: (ULP 5.4) Detected an assignment to a type with size less than int. To avoid unnecessary sign extension, use int-sized types for local varaibles and convert to smaller types for static storage.
"C:/Users/SEDAT/Desktop/New folder/tirslk_maze_1_00_00/inc/Nokia5110.c", line 476: remark #2623-D: (ULP 5.4) Detected an assignment to a type with size less than int. To avoid unnecessary sign extension, use int-sized types for local varaibles and convert to smaller types for static storage.
"C:/Users/SEDAT/Desktop/New folder/tirslk_maze_1_00_00/inc/Nokia5110.c", line 478: remark #2623-D: (ULP 5.4) Detected an assignment to a type with size less than int. To avoid unnecessary sign extension, use int-sized types for local varaibles and convert to smaller types for static storage.
"C:/Users/SEDAT/Desktop/New folder/tirslk_maze_1_00_00/inc/Nokia5110.c", line 496: remark #1543-D: (ULP 12.2) Detected for loop with repetitive data transfer. Recommend using DMA
'Finished building: "C:/Users/SEDAT/Desktop/New folder/tirslk_maze_1_00_00/inc/Nokia5110.c"'
 
'Building file: "C:/Users/SEDAT/Desktop/New folder/tirslk_maze_1_00_00/inc/PWM.c"'
'Invoking: MSP432 Compiler'
"D:/Apps/TexasInstruments/CCS7/ccsv7/tools/compiler/ti-cgt-arm_16.9.6.LTS/bin/armcl" -mv7M4 --code_state=16 --float_support=FPv4SPD16 -me --include_path="D:/Apps/TexasInstruments/CCS7/ccsv7/ccs_base/arm/include" --include_path="D:/Apps/TexasInstruments/CCS7/ccsv7/ccs_base/arm/include/CMSIS" --include_path="D:/Apps/TexasInstruments/CCS7/ccsv7/tools/compiler/ti-cgt-arm_16.9.6.LTS/include" --advice:power=all --define=__MSP432P401R__ --define=TARGET_IS_MSP432P4XX --define=ccs -g --c99 --gcc --diag_warning=225 --diag_wrap=off --display_error_number --abi=eabi --preproc_with_compile --preproc_dependency="PWM.d_raw"  "C:/Users/SEDAT/Desktop/New folder/tirslk_maze_1_00_00/inc/PWM.c"
'Finished building: "C:/Users/SEDAT/Desktop/New folder/tirslk_maze_1_00_00/inc/PWM.c"'
 
'Building file: "C:/Users/SEDAT/Desktop/New folder/tirslk_maze_1_00_00/inc/TimerA1.c"'
'Invoking: MSP432 Compiler'
"D:/Apps/TexasInstruments/CCS7/ccsv7/tools/compiler/ti-cgt-arm_16.9.6.LTS/bin/armcl" -mv7M4 --code_state=16 --float_support=FPv4SPD16 -me --include_path="D:/Apps/TexasInstruments/CCS7/ccsv7/ccs_base/arm/include" --include_path="D:/Apps/TexasInstruments/CCS7/ccsv7/ccs_base/arm/include/CMSIS" --include_path="D:/Apps/TexasInstruments/CCS7/ccsv7/tools/compiler/ti-cgt-arm_16.9.6.LTS/include" --advice:power=all --define=__MSP432P401R__ --define=TARGET_IS_MSP432P4XX --define=ccs -g --c99 --gcc --diag_warning=225 --diag_wrap=off --display_error_number --abi=eabi --preproc_with_compile --preproc_dependency="TimerA1.d_raw"  "C:/Users/SEDAT/Desktop/New folder/tirslk_maze_1_00_00/inc/TimerA1.c"
'Finished building: "C:/Users/SEDAT/Desktop/New folder/tirslk_maze_1_00_00/inc/TimerA1.c"'
 
'Building file: "C:/Users/SEDAT/Desktop/New folder/tirslk_maze_1_00_00/inc/UART0.c"'
'Invoking: MSP432 Compiler'
"D:/Apps/TexasInstruments/CCS7/ccsv7/tools/compiler/ti-cgt-arm_16.9.6.LTS/bin/armcl" -mv7M4 --code_state=16 --float_support=FPv4SPD16 -me --include_path="D:/Apps/TexasInstruments/CCS7/ccsv7/ccs_base/arm/include" --include_path="D:/Apps/TexasInstruments/CCS7/ccsv7/ccs_base/arm/include/CMSIS" --include_path="D:/Apps/TexasInstruments/CCS7/ccsv7/tools/compiler/ti-cgt-arm_16.9.6.LTS/include" --advice:power=all --define=__MSP432P401R__ --define=TARGET_IS_MSP432P4XX --define=ccs -g --c99 --gcc --diag_warning=225 --diag_wrap=off --display_error_number --abi=eabi --preproc_with_compile --preproc_dependency="UART0.d_raw"  "C:/Users/SEDAT/Desktop/New folder/tirslk_maze_1_00_00/inc/UART0.c"
"C:/Users/SEDAT/Desktop/New folder/tirslk_maze_1_00_00/inc/UART0.c", line 91: remark #1527-D: (ULP 2.1) Detected SW delay loop using empty loop. Recommend using a timer module instead
"C:/Users/SEDAT/Desktop/New folder/tirslk_maze_1_00_00/inc/UART0.c", line 100: remark #1527-D: (ULP 2.1) Detected SW delay loop using empty loop. Recommend using a timer module instead
'Finished building: "C:/Users/SEDAT/Desktop/New folder/tirslk_maze_1_00_00/inc/UART0.c"'
 
'Building file: "../startup_msp432p401r_ccs.c"'
'Invoking: MSP432 Compiler'
"D:/Apps/TexasInstruments/CCS7/ccsv7/tools/compiler/ti-cgt-arm_16.9.6.LTS/bin/armcl" -mv7M4 --code_state=16 --float_support=FPv4SPD16 -me --include_path="D:/Apps/TexasInstruments/CCS7/ccsv7/ccs_base/arm/include" --include_path="D:/Apps/TexasInstruments/CCS7/ccsv7/ccs_base/arm/include/CMSIS" --include_path="D:/Apps/TexasInstruments/CCS7/ccsv7/tools/compiler/ti-cgt-arm_16.9.6.LTS/include" --advice:power=all --define=__MSP432P401R__ --define=TARGET_IS_MSP432P4XX --define=ccs -g --c99 --gcc --diag_warning=225 --diag_wrap=off --display_error_number --abi=eabi --preproc_with_compile --preproc_dependency="startup_msp432p401r_ccs.d_raw"  "../startup_msp432p401r_ccs.c"
'Finished building: "../startup_msp432p401r_ccs.c"'
 
'Building file: "C:/Users/SEDAT/Desktop/New folder/tirslk_maze_1_00_00/inc/UART1.c"'
'Invoking: MSP432 Compiler'
"D:/Apps/TexasInstruments/CCS7/ccsv7/tools/compiler/ti-cgt-arm_16.9.6.LTS/bin/armcl" -mv7M4 --code_state=16 --float_support=FPv4SPD16 -me --include_path="D:/Apps/TexasInstruments/CCS7/ccsv7/ccs_base/arm/include" --include_path="D:/Apps/TexasInstruments/CCS7/ccsv7/ccs_base/arm/include/CMSIS" --include_path="D:/Apps/TexasInstruments/CCS7/ccsv7/tools/compiler/ti-cgt-arm_16.9.6.LTS/include" --advice:power=all --define=__MSP432P401R__ --define=TARGET_IS_MSP432P4XX --define=ccs -g --c99 --gcc --diag_warning=225 --diag_wrap=off --display_error_number --abi=eabi --preproc_with_compile --preproc_dependency="UART1.d_raw"  "C:/Users/SEDAT/Desktop/New folder/tirslk_maze_1_00_00/inc/UART1.c"
"C:/Users/SEDAT/Desktop/New folder/tirslk_maze_1_00_00/inc/UART1.c", line 136: remark #1527-D: (ULP 2.1) Detected SW delay loop using empty loop. Recommend using a timer module instead
"C:/Users/SEDAT/Desktop/New folder/tirslk_maze_1_00_00/inc/UART1.c", line 136: remark #2623-D: (ULP 5.4) Detected an assignment to a type with size less than int. To avoid unnecessary sign extension, use int-sized types for local varaibles and convert to smaller types for static storage.
"C:/Users/SEDAT/Desktop/New folder/tirslk_maze_1_00_00/inc/UART1.c", line 145: remark #1527-D: (ULP 2.1) Detected SW delay loop using empty loop. Recommend using a timer module instead
"C:/Users/SEDAT/Desktop/New folder/tirslk_maze_1_00_00/inc/UART1.c", line 173: remark #1527-D: (ULP 2.1) Detected SW delay loop using empty loop. Recommend using a timer module instead
'Finished building: "C:/Users/SEDAT/Desktop/New folder/tirslk_maze_1_00_00/inc/UART1.c"'
 
'Building file: "../system_msp432p401r.c"'
'Invoking: MSP432 Compiler'
"D:/Apps/TexasInstruments/CCS7/ccsv7/tools/compiler/ti-cgt-arm_16.9.6.LTS/bin/armcl" -mv7M4 --code_state=16 --float_support=FPv4SPD16 -me --include_path="D:/Apps/TexasInstruments/CCS7/ccsv7/ccs_base/arm/include" --include_path="D:/Apps/TexasInstruments/CCS7/ccsv7/ccs_base/arm/include/CMSIS" --include_path="D:/Apps/TexasInstruments/CCS7/ccsv7/tools/compiler/ti-cgt-arm_16.9.6.LTS/include" --advice:power=all --define=__MSP432P401R__ --define=TARGET_IS_MSP432P4XX --define=ccs -g --c99 --gcc --diag_warning=225 --diag_wrap=off --display_error_number --abi=eabi --preproc_with_compile --preproc_dependency="system_msp432p401r.d_raw"  "../system_msp432p401r.c"
"../system_msp432p401r.c", line 112: remark #2623-D: (ULP 5.4) Detected an assignment to a type with size less than int. To avoid unnecessary sign extension, use int-sized types for local varaibles and convert to smaller types for static storage.
"../system_msp432p401r.c", line 160: remark #2623-D: (ULP 5.4) Detected an assignment to a type with size less than int. To avoid unnecessary sign extension, use int-sized types for local varaibles and convert to smaller types for static storage.
"../system_msp432p401r.c", line 193: remark #2623-D: (ULP 5.4) Detected an assignment to a type with size less than int. To avoid unnecessary sign extension, use int-sized types for local varaibles and convert to smaller types for static storage.
'Finished building: "../system_msp432p401r.c"'
 
'Building target: "Lab19_BLE.out"'
'Invoking: MSP432 Linker'
"D:/Apps/TexasInstruments/CCS7/ccsv7/tools/compiler/ti-cgt-arm_16.9.6.LTS/bin/armcl" -mv7M4 --code_state=16 --float_support=FPv4SPD16 -me --advice:power=all --define=__MSP432P401R__ --define=TARGET_IS_MSP432P4XX --define=ccs -g --c99 --gcc --diag_warning=225 --diag_wrap=off --display_error_number --abi=eabi -z -m"Lab19_BLE.map" --heap_size=1024 --stack_size=512 -i"D:/Apps/TexasInstruments/CCS7/ccsv7/ccs_base/arm/include" -i"D:/Apps/TexasInstruments/CCS7/ccsv7/tools/compiler/ti-cgt-arm_16.9.6.LTS/lib" -i"D:/Apps/TexasInstruments/CCS7/ccsv7/tools/compiler/ti-cgt-arm_16.9.6.LTS/include" --reread_libs --diag_wrap=off --display_error_number --warn_sections --xml_link_info="Lab19_BLE_linkInfo.xml" --rom_model -o "Lab19_BLE.out" "./ADC14.obj" "./AP.obj" "./Bump.obj" "./Clock.obj" "./CortexM.obj" "./GPIO.obj" "./IRDistance.obj" "./LPF.obj" "./Lab19_TestMain.obj" "./LaunchPad.obj" "./Motor.obj" "./Nokia5110.obj" "./PWM.obj" "./TimerA1.obj" "./UART0.obj" "./UART1.obj" "./startup_msp432p401r_ccs.obj" "./system_msp432p401r.obj" "../msp432p401r.cmd"  -llibc.a 
<Linking>
remark #10371-D: (ULP 1.1) Detected no uses of low power mode state changing instructions
remark #10372-D: (ULP 4.1) Detected uninitialized Port 1 in this project. Recommend initializing all unused ports to eliminate wasted current consumption on unused pins.
remark #10372-D: (ULP 4.1) Detected uninitialized Port 2 in this project. Recommend initializing all unused ports to eliminate wasted current consumption on unused pins.
remark #10372-D: (ULP 4.1) Detected uninitialized Port 3 in this project. Recommend initializing all unused ports to eliminate wasted current consumption on unused pins.
remark #10372-D: (ULP 4.1) Detected uninitialized Port 4 in this project. Recommend initializing all unused ports to eliminate wasted current consumption on unused pins.
remark #10372-D: (ULP 4.1) Detected uninitialized Port 5 in this project. Recommend initializing all unused ports to eliminate wasted current consumption on unused pins.
remark #10372-D: (ULP 4.1) Detected uninitialized Port 6 in this project. Recommend initializing all unused ports to eliminate wasted current consumption on unused pins.
remark #10372-D: (ULP 4.1) Detected uninitialized Port 7 in this project. Recommend initializing all unused ports to eliminate wasted current consumption on unused pins.
remark #10372-D: (ULP 4.1) Detected uninitialized Port 8 in this project. Recommend initializing all unused ports to eliminate wasted current consumption on unused pins.
remark #10372-D: (ULP 4.1) Detected uninitialized Port 9 in this project. Recommend initializing all unused ports to eliminate wasted current consumption on unused pins.
remark #10372-D: (ULP 4.1) Detected uninitialized Port 10 in this project. Recommend initializing all unused ports to eliminate wasted current consumption on unused pins.
'Finished building target: "Lab19_BLE.out"'
 

**** Build Finished ****
